#
# There is insufficient memory for the Java Runtime Environment to continue.
# Native memory allocation (malloc) failed to allocate 903376 bytes for Chunk::new
# Possible reasons:
#   The system is out of physical RAM or swap space
#   The process is running with CompressedOops enabled, and the Java Heap may be blocking the growth of the native heap
# Possible solutions:
#   Reduce memory load on the system
#   Increase physical memory or swap space
#   Check if swap backing store is full
#   Decrease Java heap size (-Xmx/-Xms)
#   Decrease number of Java threads
#   Decrease Java thread stack sizes (-Xss)
#   Set larger code cache with -XX:ReservedCodeCacheSize=
#   JVM is running with Unscaled Compressed Oops mode in which the Java heap is
#     placed in the first 4GB address space. The Java Heap base address is the
#     maximum limit for the native heap growth. Please use -XX:HeapBaseMinAddress
#     to set the Java Heap base and to place the Java Heap above 4GB virtual address.
# This output file may be truncated or incomplete.
#
#  Out of Memory Error (t:/workspace/open/src/hotspot/share/memory/arena.cpp:197), pid=8616, tid=10584
#
# JRE version: Java(TM) SE Runtime Environment (12.0.2+10) (build 12.0.2+10)
# Java VM: Java HotSpot(TM) 64-Bit Server VM (12.0.2+10, mixed mode, sharing, tiered, compressed oops, g1 gc, windows-amd64)
# No core dump will be written. Minidumps are not enabled by default on client versions of Windows
#

---------------  S U M M A R Y ------------

Command Line: C:\Users\pc\AppData\Local\Temp\surefire15949354244944978967\surefirebooter9791802383580518245.jar C:\Users\pc\AppData\Local\Temp\surefire15949354244944978967 2022-05-10T10-47-09_183-jvmRun1 surefire18363393891915984624tmp surefire_014089311013166312415tmp

Host: Intel(R) Core(TM) i3-5005U CPU @ 2.00GHz, 4 cores, 7G,  Windows 10 , 64 bit Build 19041 (10.0.19041.1645)
Time: Tue May 10 10:47:42 2022 Hora estándar oeste, Sudamérica elapsed time: 31 seconds (0d 0h 0m 31s)

---------------  T H R E A D  ---------------

Current thread (0x00000218303a5800):  JavaThread "C2 CompilerThread0" daemon [_thread_in_native, id=10584, stack(0x000000d277300000,0x000000d277400000)]


Current CompileTask:
C2:  31989 7868   !   4       jdk.internal.loader.BuiltinClassLoader::defineOrCheckPackage (93 bytes)

Stack: [0x000000d277300000,0x000000d277400000]
Native frames: (J=compiled Java code, j=interpreted, Vv=VM code, C=native code)
V  [jvm.dll+0x63aa2a]
V  [jvm.dll+0x78ce1e]
V  [jvm.dll+0x78e4c1]
V  [jvm.dll+0x78eb13]
V  [jvm.dll+0x2627e8]
V  [jvm.dll+0xc55cc]
V  [jvm.dll+0xc5b4c]
V  [jvm.dll+0x2d4034]
V  [jvm.dll+0x5569ad]
V  [jvm.dll+0x2246f7]
V  [jvm.dll+0x21e313]
V  [jvm.dll+0x21b2b6]
V  [jvm.dll+0x199a20]
V  [jvm.dll+0x22a744]
V  [jvm.dll+0x228d98]
V  [jvm.dll+0x7512a0]
V  [jvm.dll+0x74a2c8]
V  [jvm.dll+0x639b16]
C  [ucrtbase.dll+0x21bb2]
C  [KERNEL32.DLL+0x17034]
C  [ntdll.dll+0x52651]


---------------  P R O C E S S  ---------------

Threads class SMR info:
_java_thread_list=0x00000218338a8000, length=15, elements={
0x0000021811f48800, 0x000002183037b000, 0x0000021830380800, 0x000002183039f800,
0x00000218303a2000, 0x00000218303a5800, 0x00000218303ab000, 0x00000218303b4800,
0x0000021830e26800, 0x0000021830e43800, 0x0000021830e79000, 0x0000021830f85800,
0x00000218327d6000, 0x00000218359e2000, 0x000002183253f800
}

Java Threads: ( => current thread )
  0x0000021811f48800 JavaThread "main" [_thread_blocked, id=248, stack(0x000000d276800000,0x000000d276900000)]
  0x000002183037b000 JavaThread "Reference Handler" daemon [_thread_blocked, id=8676, stack(0x000000d276f00000,0x000000d277000000)]
  0x0000021830380800 JavaThread "Finalizer" daemon [_thread_blocked, id=11148, stack(0x000000d277000000,0x000000d277100000)]
  0x000002183039f800 JavaThread "Signal Dispatcher" daemon [_thread_blocked, id=7032, stack(0x000000d277100000,0x000000d277200000)]
  0x00000218303a2000 JavaThread "Attach Listener" daemon [_thread_blocked, id=6032, stack(0x000000d277200000,0x000000d277300000)]
=>0x00000218303a5800 JavaThread "C2 CompilerThread0" daemon [_thread_in_native, id=10584, stack(0x000000d277300000,0x000000d277400000)]
  0x00000218303ab000 JavaThread "C1 CompilerThread0" daemon [_thread_blocked, id=12188, stack(0x000000d277400000,0x000000d277500000)]
  0x00000218303b4800 JavaThread "Sweeper thread" daemon [_thread_blocked, id=1380, stack(0x000000d277500000,0x000000d277600000)]
  0x0000021830e26800 JavaThread "Service Thread" daemon [_thread_blocked, id=3436, stack(0x000000d277600000,0x000000d277700000)]
  0x0000021830e43800 JavaThread "Common-Cleaner" daemon [_thread_blocked, id=5464, stack(0x000000d277800000,0x000000d277900000)]
  0x0000021830e79000 JavaThread "surefire-forkedjvm-command-thread" daemon [_thread_in_native, id=6104, stack(0x000000d277900000,0x000000d277a00000)]
  0x0000021830f85800 JavaThread "surefire-forkedjvm-ping-30s" daemon [_thread_blocked, id=1976, stack(0x000000d277a00000,0x000000d277b00000)]
  0x00000218327d6000 JavaThread "HikariPool-1 housekeeper" daemon [_thread_blocked, id=7804, stack(0x000000d277d00000,0x000000d277e00000)]
  0x00000218359e2000 JavaThread "HikariPool-2 housekeeper" daemon [_thread_blocked, id=4552, stack(0x000000d277f00000,0x000000d278000000)]
  0x000002183253f800 JavaThread "HikariPool-2 connection adder" daemon [_thread_blocked, id=11840, stack(0x000000d278000000,0x000000d278100000)]

Other Threads:
  0x0000021830377000 VMThread "VM Thread" [stack: 0x000000d276e00000,0x000000d276f00000] [id=4316]
  0x0000021830e3c800 WatcherThread [stack: 0x000000d277700000,0x000000d277800000] [id=10964]
  0x0000021811f86000 GCTaskThread "GC Thread#0" [stack: 0x000000d276900000,0x000000d276a00000] [id=10800]
  0x0000021831412800 GCTaskThread "GC Thread#1" [stack: 0x000000d277b00000,0x000000d277c00000] [id=7896]
  0x0000021830f55800 GCTaskThread "GC Thread#2" [stack: 0x000000d277c00000,0x000000d277d00000] [id=4324]
  0x00000218328e0800 GCTaskThread "GC Thread#3" [stack: 0x000000d277e00000,0x000000d277f00000] [id=5108]
  0x0000021811f95800 ConcurrentGCThread "G1 Main Marker" [stack: 0x000000d276a00000,0x000000d276b00000] [id=4980]
  0x0000021811f98000 ConcurrentGCThread "G1 Conc#0" [stack: 0x000000d276b00000,0x000000d276c00000] [id=9940]
  0x0000021812028800 ConcurrentGCThread "G1 Refine#0" [stack: 0x000000d276c00000,0x000000d276d00000] [id=6992]
  0x0000021812029800 ConcurrentGCThread "G1 Young RemSet Sampling" [stack: 0x000000d276d00000,0x000000d276e00000] [id=7884]

Threads with active compile tasks:
C2 CompilerThread0  7868   !   4       jdk.internal.loader.BuiltinClassLoader::defineOrCheckPackage (93 bytes)

VM state:at safepoint (normal execution)

VM Mutex/Monitor currently owned by a thread:  ([mutex/lock_event])
[0x0000021811f45db0] Threads_lock - owner thread: 0x0000021830377000
[0x0000021811f45780] Heap_lock - owner thread: 0x0000021811f48800

Heap address: 0x0000000081400000, size: 2028 MB, Compressed Oops mode: 32-bit
Narrow klass base: 0x0000000800000000, Narrow klass shift: 3
Compressed class space size: 1073741824 Address: 0x0000000801190000

Heap:
 garbage-first heap   total 138240K, used 44767K [0x0000000081400000, 0x0000000100000000)
  region size 1024K, 2 young (2048K), 2 survivors (2048K)
 Metaspace       used 67289K, capacity 69628K, committed 69712K, reserved 1118208K
  class space    used 8973K, capacity 9912K, committed 9964K, reserved 1048576K
Heap Regions: E=young(eden), S=young(survivor), O=old, HS=humongous(starts), HC=humongous(continues), CS=collection set, F=free, A=archive, TAMS=top-at-mark-start (previous, next)
|   0|0x0000000081400000, 0x0000000081500000, 0x0000000081500000|100%|HS|  |TAMS 0x0000000081500000, 0x0000000081500000| Complete 
|   1|0x0000000081500000, 0x0000000081600000, 0x0000000081600000|100%| O|  |TAMS 0x0000000081600000, 0x0000000081600000| Untracked 
|   2|0x0000000081600000, 0x0000000081700000, 0x0000000081700000|100%| O|  |TAMS 0x0000000081700000, 0x0000000081700000| Untracked 
|   3|0x0000000081700000, 0x0000000081800000, 0x0000000081800000|100%| O|  |TAMS 0x0000000081800000, 0x0000000081800000| Untracked 
|   4|0x0000000081800000, 0x0000000081900000, 0x0000000081900000|100%| O|  |TAMS 0x0000000081900000, 0x0000000081900000| Untracked 
|   5|0x0000000081900000, 0x0000000081a00000, 0x0000000081a00000|100%| O|  |TAMS 0x0000000081a00000, 0x0000000081a00000| Untracked 
|   6|0x0000000081a00000, 0x0000000081ae6a00, 0x0000000081b00000| 90%| O|  |TAMS 0x0000000081ae6a00, 0x0000000081ae6a00| Untracked 
|   7|0x0000000081b00000, 0x0000000081c00000, 0x0000000081c00000|100%| O|  |TAMS 0x0000000081c00000, 0x0000000081c00000| Untracked 
|   8|0x0000000081c00000, 0x0000000081d00000, 0x0000000081d00000|100%| O|  |TAMS 0x0000000081d00000, 0x0000000081d00000| Untracked 
|   9|0x0000000081d00000, 0x0000000081e00000, 0x0000000081e00000|100%| O|  |TAMS 0x0000000081e00000, 0x0000000081e00000| Untracked 
|  10|0x0000000081e00000, 0x0000000081f00000, 0x0000000081f00000|100%| O|  |TAMS 0x0000000081f00000, 0x0000000081f00000| Untracked 
|  11|0x0000000081f00000, 0x0000000082000000, 0x0000000082000000|100%| O|  |TAMS 0x0000000082000000, 0x0000000082000000| Untracked 
|  12|0x0000000082000000, 0x0000000082100000, 0x0000000082100000|100%| O|  |TAMS 0x0000000082100000, 0x0000000082100000| Untracked 
|  13|0x0000000082100000, 0x0000000082200000, 0x0000000082200000|100%| O|  |TAMS 0x0000000082200000, 0x0000000082200000| Untracked 
|  14|0x0000000082200000, 0x0000000082300000, 0x0000000082300000|100%| O|  |TAMS 0x0000000082300000, 0x0000000082300000| Untracked 
|  15|0x0000000082300000, 0x0000000082400000, 0x0000000082400000|100%| O|  |TAMS 0x0000000082400000, 0x0000000082400000| Untracked 
|  16|0x0000000082400000, 0x0000000082500000, 0x0000000082500000|100%| O|  |TAMS 0x0000000082500000, 0x0000000082500000| Untracked 
|  17|0x0000000082500000, 0x0000000082600000, 0x0000000082600000|100%| O|  |TAMS 0x0000000082600000, 0x0000000082600000| Untracked 
|  18|0x0000000082600000, 0x0000000082700000, 0x0000000082700000|100%| O|  |TAMS 0x0000000082700000, 0x0000000082700000| Untracked 
|  19|0x0000000082700000, 0x0000000082800000, 0x0000000082800000|100%| O|  |TAMS 0x0000000082800000, 0x0000000082800000| Untracked 
|  20|0x0000000082800000, 0x0000000082900000, 0x0000000082900000|100%| O|  |TAMS 0x0000000082900000, 0x0000000082900000| Untracked 
|  21|0x0000000082900000, 0x0000000082a00000, 0x0000000082a00000|100%| O|  |TAMS 0x0000000082a00000, 0x0000000082a00000| Untracked 
|  22|0x0000000082a00000, 0x0000000082b00000, 0x0000000082b00000|100%| O|  |TAMS 0x0000000082b00000, 0x0000000082b00000| Untracked 
|  23|0x0000000082b00000, 0x0000000082c00000, 0x0000000082c00000|100%| O|  |TAMS 0x0000000082c00000, 0x0000000082c00000| Untracked 
|  24|0x0000000082c00000, 0x0000000082d00000, 0x0000000082d00000|100%| O|  |TAMS 0x0000000082d00000, 0x0000000082d00000| Untracked 
|  25|0x0000000082d00000, 0x0000000082e00000, 0x0000000082e00000|100%| O|  |TAMS 0x0000000082e00000, 0x0000000082e00000| Untracked 
|  26|0x0000000082e00000, 0x0000000082f00000, 0x0000000082f00000|100%| O|  |TAMS 0x0000000082e26c00, 0x0000000082f00000| Untracked 
|  27|0x0000000082f00000, 0x0000000083000000, 0x0000000083000000|100%| O|  |TAMS 0x0000000082f00000, 0x0000000083000000| Untracked 
|  28|0x0000000083000000, 0x0000000083100000, 0x0000000083100000|100%| O|  |TAMS 0x0000000083000000, 0x0000000083100000| Untracked 
|  29|0x0000000083100000, 0x0000000083200000, 0x0000000083200000|100%| O|  |TAMS 0x0000000083100000, 0x0000000083200000| Untracked 
|  30|0x0000000083200000, 0x0000000083300000, 0x0000000083300000|100%| O|  |TAMS 0x0000000083200000, 0x0000000083300000| Untracked 
|  31|0x0000000083300000, 0x0000000083400000, 0x0000000083400000|100%| O|  |TAMS 0x0000000083300000, 0x0000000083400000| Untracked 
|  32|0x0000000083400000, 0x0000000083500000, 0x0000000083500000|100%| O|  |TAMS 0x0000000083400000, 0x0000000083500000| Untracked 
|  33|0x0000000083500000, 0x0000000083600000, 0x0000000083600000|100%| O|  |TAMS 0x0000000083500000, 0x0000000083600000| Untracked 
|  34|0x0000000083600000, 0x0000000083700000, 0x0000000083700000|100%| O|  |TAMS 0x0000000083600000, 0x0000000083700000| Untracked 
|  35|0x0000000083700000, 0x0000000083800000, 0x0000000083800000|100%| O|  |TAMS 0x0000000083700000, 0x0000000083800000| Untracked 
|  36|0x0000000083800000, 0x0000000083900000, 0x0000000083900000|100%| O|  |TAMS 0x0000000083800000, 0x0000000083900000| Untracked 
|  37|0x0000000083900000, 0x0000000083a00000, 0x0000000083a00000|100%| O|  |TAMS 0x0000000083900000, 0x0000000083a00000| Untracked 
|  38|0x0000000083a00000, 0x0000000083b00000, 0x0000000083b00000|100%| O|  |TAMS 0x0000000083a00000, 0x0000000083b00000| Untracked 
|  39|0x0000000083b00000, 0x0000000083c00000, 0x0000000083c00000|100%| O|  |TAMS 0x0000000083b00000, 0x0000000083c00000| Untracked 
|  40|0x0000000083c00000, 0x0000000083d00000, 0x0000000083d00000|100%| O|  |TAMS 0x0000000083c00000, 0x0000000083cac600| Untracked 
|  41|0x0000000083d00000, 0x0000000083dd1400, 0x0000000083e00000| 81%| O|  |TAMS 0x0000000083d00000, 0x0000000083d00000| Untracked 
|  42|0x0000000083e00000, 0x0000000083e00000, 0x0000000083f00000|  0%| F|  |TAMS 0x0000000083e00000, 0x0000000083e00000| Untracked 
|  43|0x0000000083f00000, 0x0000000083f00000, 0x0000000084000000|  0%| F|  |TAMS 0x0000000083f00000, 0x0000000083f00000| Untracked 
|  44|0x0000000084000000, 0x0000000084000000, 0x0000000084100000|  0%| F|  |TAMS 0x0000000084000000, 0x0000000084000000| Untracked 
|  45|0x0000000084100000, 0x0000000084100000, 0x0000000084200000|  0%| F|  |TAMS 0x0000000084100000, 0x0000000084100000| Untracked 
|  46|0x0000000084200000, 0x0000000084200000, 0x0000000084300000|  0%| F|  |TAMS 0x0000000084200000, 0x0000000084200000| Untracked 
|  47|0x0000000084300000, 0x0000000084300000, 0x0000000084400000|  0%| F|  |TAMS 0x0000000084300000, 0x0000000084300000| Untracked 
|  48|0x0000000084400000, 0x0000000084400000, 0x0000000084500000|  0%| F|  |TAMS 0x0000000084400000, 0x0000000084400000| Untracked 
|  49|0x0000000084500000, 0x0000000084500000, 0x0000000084600000|  0%| F|  |TAMS 0x0000000084500000, 0x0000000084500000| Untracked 
|  50|0x0000000084600000, 0x0000000084600000, 0x0000000084700000|  0%| F|  |TAMS 0x0000000084600000, 0x0000000084600000| Untracked 
|  51|0x0000000084700000, 0x0000000084700000, 0x0000000084800000|  0%| F|  |TAMS 0x0000000084700000, 0x0000000084700000| Untracked 
|  52|0x0000000084800000, 0x0000000084800000, 0x0000000084900000|  0%| F|  |TAMS 0x0000000084800000, 0x0000000084800000| Untracked 
|  53|0x0000000084900000, 0x0000000084900000, 0x0000000084a00000|  0%| F|  |TAMS 0x0000000084900000, 0x0000000084900000| Untracked 
|  54|0x0000000084a00000, 0x0000000084a00000, 0x0000000084b00000|  0%| F|  |TAMS 0x0000000084a00000, 0x0000000084a00000| Untracked 
|  55|0x0000000084b00000, 0x0000000084b00000, 0x0000000084c00000|  0%| F|  |TAMS 0x0000000084b00000, 0x0000000084b00000| Untracked 
|  56|0x0000000084c00000, 0x0000000084c00000, 0x0000000084d00000|  0%| F|  |TAMS 0x0000000084c00000, 0x0000000084c00000| Untracked 
|  57|0x0000000084d00000, 0x0000000084d00000, 0x0000000084e00000|  0%| F|  |TAMS 0x0000000084d00000, 0x0000000084d00000| Untracked 
|  58|0x0000000084e00000, 0x0000000084e00000, 0x0000000084f00000|  0%| F|  |TAMS 0x0000000084e00000, 0x0000000084e00000| Untracked 
|  59|0x0000000084f00000, 0x0000000084f00000, 0x0000000085000000|  0%| F|  |TAMS 0x0000000084f00000, 0x0000000084f00000| Untracked 
|  60|0x0000000085000000, 0x0000000085000000, 0x0000000085100000|  0%| F|  |TAMS 0x0000000085000000, 0x0000000085000000| Untracked 
|  61|0x0000000085100000, 0x0000000085100000, 0x0000000085200000|  0%| F|  |TAMS 0x0000000085100000, 0x0000000085100000| Untracked 
|  62|0x0000000085200000, 0x0000000085200000, 0x0000000085300000|  0%| F|  |TAMS 0x0000000085200000, 0x0000000085200000| Untracked 
|  63|0x0000000085300000, 0x0000000085300000, 0x0000000085400000|  0%| F|  |TAMS 0x0000000085300000, 0x0000000085300000| Untracked 
|  64|0x0000000085400000, 0x0000000085400000, 0x0000000085500000|  0%| F|  |TAMS 0x0000000085400000, 0x0000000085400000| Untracked 
|  65|0x0000000085500000, 0x0000000085500000, 0x0000000085600000|  0%| F|  |TAMS 0x0000000085500000, 0x0000000085500000| Untracked 
|  66|0x0000000085600000, 0x0000000085600000, 0x0000000085700000|  0%| F|  |TAMS 0x0000000085600000, 0x0000000085600000| Untracked 
|  67|0x0000000085700000, 0x0000000085700000, 0x0000000085800000|  0%| F|  |TAMS 0x0000000085700000, 0x0000000085700000| Untracked 
|  68|0x0000000085800000, 0x0000000085800000, 0x0000000085900000|  0%| F|  |TAMS 0x0000000085800000, 0x0000000085800000| Untracked 
|  69|0x0000000085900000, 0x0000000085900000, 0x0000000085a00000|  0%| F|  |TAMS 0x0000000085900000, 0x0000000085900000| Untracked 
|  70|0x0000000085a00000, 0x0000000085a00000, 0x0000000085b00000|  0%| F|  |TAMS 0x0000000085a00000, 0x0000000085a00000| Untracked 
|  71|0x0000000085b00000, 0x0000000085b00000, 0x0000000085c00000|  0%| F|  |TAMS 0x0000000085b00000, 0x0000000085b00000| Untracked 
|  72|0x0000000085c00000, 0x0000000085c00000, 0x0000000085d00000|  0%| F|  |TAMS 0x0000000085c00000, 0x0000000085c00000| Untracked 
|  73|0x0000000085d00000, 0x0000000085d00000, 0x0000000085e00000|  0%| F|  |TAMS 0x0000000085d00000, 0x0000000085d00000| Untracked 
|  74|0x0000000085e00000, 0x0000000085e00000, 0x0000000085f00000|  0%| F|  |TAMS 0x0000000085e00000, 0x0000000085e00000| Untracked 
|  75|0x0000000085f00000, 0x0000000085f00000, 0x0000000086000000|  0%| F|  |TAMS 0x0000000085f00000, 0x0000000085f00000| Untracked 
|  76|0x0000000086000000, 0x0000000086000000, 0x0000000086100000|  0%| F|  |TAMS 0x0000000086000000, 0x0000000086000000| Untracked 
|  77|0x0000000086100000, 0x0000000086100000, 0x0000000086200000|  0%| F|  |TAMS 0x0000000086100000, 0x0000000086100000| Untracked 
|  78|0x0000000086200000, 0x0000000086200000, 0x0000000086300000|  0%| F|  |TAMS 0x0000000086200000, 0x0000000086200000| Untracked 
|  79|0x0000000086300000, 0x0000000086300000, 0x0000000086400000|  0%| F|  |TAMS 0x0000000086300000, 0x0000000086300000| Untracked 
|  80|0x0000000086400000, 0x0000000086400000, 0x0000000086500000|  0%| F|  |TAMS 0x0000000086400000, 0x0000000086400000| Untracked 
|  81|0x0000000086500000, 0x0000000086500000, 0x0000000086600000|  0%| F|  |TAMS 0x0000000086500000, 0x0000000086500000| Untracked 
|  82|0x0000000086600000, 0x0000000086600000, 0x0000000086700000|  0%| F|  |TAMS 0x0000000086600000, 0x0000000086600000| Untracked 
|  83|0x0000000086700000, 0x0000000086700000, 0x0000000086800000|  0%| F|  |TAMS 0x0000000086700000, 0x0000000086700000| Untracked 
|  84|0x0000000086800000, 0x0000000086800000, 0x0000000086900000|  0%| F|  |TAMS 0x0000000086800000, 0x0000000086800000| Untracked 
|  85|0x0000000086900000, 0x0000000086900000, 0x0000000086a00000|  0%| F|  |TAMS 0x0000000086900000, 0x0000000086900000| Untracked 
|  86|0x0000000086a00000, 0x0000000086a00000, 0x0000000086b00000|  0%| F|  |TAMS 0x0000000086a00000, 0x0000000086a00000| Untracked 
|  87|0x0000000086b00000, 0x0000000086b00000, 0x0000000086c00000|  0%| F|  |TAMS 0x0000000086b00000, 0x0000000086b00000| Untracked 
|  88|0x0000000086c00000, 0x0000000086c00000, 0x0000000086d00000|  0%| F|  |TAMS 0x0000000086c00000, 0x0000000086c00000| Untracked 
|  89|0x0000000086d00000, 0x0000000086d00000, 0x0000000086e00000|  0%| F|  |TAMS 0x0000000086d00000, 0x0000000086d00000| Untracked 
|  90|0x0000000086e00000, 0x0000000086e00000, 0x0000000086f00000|  0%| F|  |TAMS 0x0000000086e00000, 0x0000000086e00000| Untracked 
|  91|0x0000000086f00000, 0x0000000086f00000, 0x0000000087000000|  0%| F|  |TAMS 0x0000000086f00000, 0x0000000086f00000| Untracked 
|  92|0x0000000087000000, 0x0000000087000000, 0x0000000087100000|  0%| F|  |TAMS 0x0000000087000000, 0x0000000087000000| Untracked 
|  93|0x0000000087100000, 0x0000000087100000, 0x0000000087200000|  0%| F|  |TAMS 0x0000000087100000, 0x0000000087100000| Untracked 
|  94|0x0000000087200000, 0x0000000087200000, 0x0000000087300000|  0%| F|  |TAMS 0x0000000087200000, 0x0000000087200000| Untracked 
|  95|0x0000000087300000, 0x0000000087300000, 0x0000000087400000|  0%| F|  |TAMS 0x0000000087300000, 0x0000000087300000| Untracked 
|  96|0x0000000087400000, 0x0000000087400000, 0x0000000087500000|  0%| F|  |TAMS 0x0000000087400000, 0x0000000087400000| Untracked 
|  97|0x0000000087500000, 0x0000000087500000, 0x0000000087600000|  0%| F|  |TAMS 0x0000000087500000, 0x0000000087500000| Untracked 
|  98|0x0000000087600000, 0x0000000087600000, 0x0000000087700000|  0%| F|  |TAMS 0x0000000087600000, 0x0000000087600000| Untracked 
|  99|0x0000000087700000, 0x0000000087700000, 0x0000000087800000|  0%| F|  |TAMS 0x0000000087700000, 0x0000000087700000| Untracked 
| 100|0x0000000087800000, 0x0000000087800000, 0x0000000087900000|  0%| F|  |TAMS 0x0000000087800000, 0x0000000087800000| Untracked 
| 101|0x0000000087900000, 0x0000000087900000, 0x0000000087a00000|  0%| F|  |TAMS 0x0000000087900000, 0x0000000087900000| Untracked 
| 102|0x0000000087a00000, 0x0000000087a00000, 0x0000000087b00000|  0%| F|  |TAMS 0x0000000087a00000, 0x0000000087a00000| Untracked 
| 103|0x0000000087b00000, 0x0000000087b00000, 0x0000000087c00000|  0%| F|  |TAMS 0x0000000087b00000, 0x0000000087b00000| Untracked 
| 104|0x0000000087c00000, 0x0000000087c00000, 0x0000000087d00000|  0%| F|  |TAMS 0x0000000087c00000, 0x0000000087c00000| Untracked 
| 105|0x0000000087d00000, 0x0000000087d00000, 0x0000000087e00000|  0%| F|  |TAMS 0x0000000087d00000, 0x0000000087d00000| Untracked 
| 106|0x0000000087e00000, 0x0000000087e00000, 0x0000000087f00000|  0%| F|  |TAMS 0x0000000087e00000, 0x0000000087e00000| Untracked 
| 107|0x0000000087f00000, 0x0000000087f00000, 0x0000000088000000|  0%| F|  |TAMS 0x0000000087f00000, 0x0000000087f00000| Untracked 
| 108|0x0000000088000000, 0x0000000088000000, 0x0000000088100000|  0%| F|  |TAMS 0x0000000088000000, 0x0000000088000000| Untracked 
| 109|0x0000000088100000, 0x0000000088200000, 0x0000000088200000|100%| S|CS|TAMS 0x0000000088100000, 0x0000000088100000| Complete 
| 110|0x0000000088200000, 0x0000000088300000, 0x0000000088300000|100%| S|CS|TAMS 0x0000000088200000, 0x0000000088200000| Complete 
| 111|0x0000000088300000, 0x0000000088300000, 0x0000000088400000|  0%| F|  |TAMS 0x0000000088300000, 0x0000000088300000| Untracked 
| 112|0x0000000088400000, 0x0000000088400000, 0x0000000088500000|  0%| F|  |TAMS 0x0000000088400000, 0x0000000088400000| Untracked 
| 113|0x0000000088500000, 0x0000000088500000, 0x0000000088600000|  0%| F|  |TAMS 0x0000000088500000, 0x0000000088500000| Untracked 
| 114|0x0000000088600000, 0x0000000088600000, 0x0000000088700000|  0%| F|  |TAMS 0x0000000088600000, 0x0000000088600000| Untracked 
| 115|0x0000000088700000, 0x0000000088700000, 0x0000000088800000|  0%| F|  |TAMS 0x0000000088700000, 0x0000000088700000| Untracked 
| 116|0x0000000088800000, 0x0000000088800000, 0x0000000088900000|  0%| F|  |TAMS 0x0000000088800000, 0x0000000088800000| Untracked 
| 117|0x0000000088900000, 0x0000000088900000, 0x0000000088a00000|  0%| F|  |TAMS 0x0000000088900000, 0x0000000088900000| Untracked 
| 118|0x0000000088a00000, 0x0000000088a00000, 0x0000000088b00000|  0%| F|  |TAMS 0x0000000088a00000, 0x0000000088a00000| Untracked 
| 119|0x0000000088b00000, 0x0000000088b00000, 0x0000000088c00000|  0%| F|  |TAMS 0x0000000088b00000, 0x0000000088b00000| Untracked 
| 120|0x0000000088c00000, 0x0000000088c00000, 0x0000000088d00000|  0%| F|  |TAMS 0x0000000088c00000, 0x0000000088c00000| Untracked 
| 121|0x0000000088d00000, 0x0000000088d00000, 0x0000000088e00000|  0%| F|  |TAMS 0x0000000088d00000, 0x0000000088d00000| Untracked 
| 122|0x0000000088e00000, 0x0000000088e00000, 0x0000000088f00000|  0%| F|  |TAMS 0x0000000088e00000, 0x0000000088e00000| Untracked 
| 123|0x0000000088f00000, 0x0000000088f00000, 0x0000000089000000|  0%| F|  |TAMS 0x0000000088f00000, 0x0000000088f00000| Untracked 
| 124|0x0000000089000000, 0x0000000089000000, 0x0000000089100000|  0%| F|  |TAMS 0x0000000089000000, 0x0000000089000000| Untracked 
| 125|0x0000000089100000, 0x0000000089100000, 0x0000000089200000|  0%| F|  |TAMS 0x0000000089100000, 0x0000000089100000| Untracked 
| 126|0x0000000089200000, 0x0000000089200000, 0x0000000089300000|  0%| F|  |TAMS 0x0000000089200000, 0x0000000089200000| Untracked 
| 127|0x0000000089300000, 0x0000000089300000, 0x0000000089400000|  0%| F|  |TAMS 0x0000000089300000, 0x0000000089300000| Untracked 
| 128|0x0000000089400000, 0x0000000089400000, 0x0000000089500000|  0%| F|  |TAMS 0x0000000089400000, 0x0000000089400000| Untracked 
| 129|0x0000000089500000, 0x0000000089500000, 0x0000000089600000|  0%| F|  |TAMS 0x0000000089500000, 0x0000000089500000| Untracked 
| 130|0x0000000089600000, 0x0000000089600000, 0x0000000089700000|  0%| F|  |TAMS 0x0000000089600000, 0x0000000089600000| Untracked 
| 131|0x0000000089700000, 0x0000000089700000, 0x0000000089800000|  0%| F|  |TAMS 0x0000000089700000, 0x0000000089700000| Untracked 
| 132|0x0000000089800000, 0x0000000089800000, 0x0000000089900000|  0%| F|  |TAMS 0x0000000089800000, 0x0000000089800000| Untracked 
| 133|0x0000000089900000, 0x0000000089900000, 0x0000000089a00000|  0%| F|  |TAMS 0x0000000089900000, 0x0000000089900000| Untracked 
| 134|0x0000000089a00000, 0x0000000089a00000, 0x0000000089b00000|  0%| F|  |TAMS 0x0000000089a00000, 0x0000000089a00000| Untracked 

Card table byte_map: [0x0000021829760000,0x0000021829b60000] _byte_map_base: 0x0000021829356000

Marking Bits (Prev, Next): (CMBitMap*) 0x0000021811f88ae8, (CMBitMap*) 0x0000021811f88aa8
 Prev Bits: [0x000002182bf10000, 0x000002182dec0000)
 Next Bits: [0x0000021829f60000, 0x000002182bf10000)

Polling page: 0x0000021811730000

Metaspace:

Usage:
  Non-class:     58.32 MB capacity,    56.95 MB ( 98%) used,     1.07 MB (  2%) free+waste,   300.44 KB ( <1%) overhead. 
      Class:      9.68 MB capacity,     8.76 MB ( 91%) used,   795.59 KB (  8%) free+waste,   143.31 KB (  1%) overhead. 
       Both:     68.00 MB capacity,    65.71 MB ( 97%) used,     1.85 MB (  3%) free+waste,   443.75 KB ( <1%) overhead. 

Virtual space:
  Non-class space:       68.00 MB reserved,      58.35 MB ( 86%) committed 
      Class space:        1.00 GB reserved,       9.73 MB ( <1%) committed 
             Both:        1.07 GB reserved,      68.08 MB (  6%) committed 

Chunk freelists:
   Non-Class:  4.00 KB
       Class:  1.00 KB
        Both:  5.00 KB

CodeHeap 'non-profiled nmethods': size=120064Kb used=3517Kb max_used=3601Kb free=116546Kb
 bounds [0x0000021821e20000, 0x00000218221b0000, 0x0000021829360000]
CodeHeap 'profiled nmethods': size=120000Kb used=14611Kb max_used=15037Kb free=105388Kb
 bounds [0x000002181a8f0000, 0x000002181b7b0000, 0x0000021821e20000]
CodeHeap 'non-nmethods': size=5696Kb used=1259Kb max_used=1302Kb free=4436Kb
 bounds [0x000002181a360000, 0x000002181a5d0000, 0x000002181a8f0000]
 total_blobs=9589 nmethods=7198 adapters=527
 compilation: enabled
              stopped_count=0, restarted_count=0
 full_count=0

Compilation events (10 events):
Event: 31.774 Thread 0x00000218303a5800 nmethod 7866 0x0000021821f22f90 code [0x0000021821f23180, 0x0000021821f236d8]
Event: 31.774 Thread 0x00000218303a5800 7861       4       org.springframework.core.ResolvableType::isArray (58 bytes)
Event: 31.778 Thread 0x00000218303a5800 nmethod 7861 0x0000021821f1dc10 code [0x0000021821f1de00, 0x0000021821f1e068]
Event: 31.778 Thread 0x00000218303a5800 7844       4       org.springframework.boot.autoconfigure.condition.ConditionEvaluationReport$$Lambda$1627/0x0000000801a4dc40::accept (20 bytes)
Event: 31.810 Thread 0x00000218303a5800 nmethod 7844 0x0000021821f27910 code [0x0000021821f27b20, 0x0000021821f28538]
Event: 31.811 Thread 0x00000218303a5800 7868   !   4       jdk.internal.loader.BuiltinClassLoader::defineOrCheckPackage (93 bytes)
Event: 31.889 Thread 0x00000218303ab000 7871       3       com.fasterxml.jackson.databind.type.TypeFactory::_fromClass (314 bytes)
Event: 31.894 Thread 0x00000218303ab000 nmethod 7871 0x000002181ad78810 code [0x000002181ad78ce0, 0x000002181ad7b310]
Event: 31.931 Thread 0x00000218303ab000 7872       3       com.fasterxml.jackson.databind.type.TypeBindings$AsKey::equals (111 bytes)
Event: 31.931 Thread 0x00000218303ab000 nmethod 7872 0x000002181ac70110 code [0x000002181ac70320, 0x000002181ac70a30]

GC Heap History (10 events):
Event: 26.751 GC heap before
{Heap before GC invocations=25 (full 0):
 garbage-first heap   total 114688K, used 82054K [0x0000000081400000, 0x0000000100000000)
  region size 1024K, 49 young (50176K), 4 survivors (4096K)
 Metaspace       used 65149K, capacity 67453K, committed 67664K, reserved 1107968K
  class space    used 8718K, capacity 9630K, committed 9708K, reserved 1048576K
}
Event: 26.769 GC heap after
{Heap after GC invocations=26 (full 0):
 garbage-first heap   total 114688K, used 38269K [0x0000000081400000, 0x0000000100000000)
  region size 1024K, 6 young (6144K), 6 survivors (6144K)
 Metaspace       used 65149K, capacity 67453K, committed 67664K, reserved 1107968K
  class space    used 8718K, capacity 9630K, committed 9708K, reserved 1048576K
}
Event: 27.898 GC heap before
{Heap before GC invocations=26 (full 0):
 garbage-first heap   total 114688K, used 84349K [0x0000000081400000, 0x0000000100000000)
  region size 1024K, 51 young (52224K), 6 survivors (6144K)
 Metaspace       used 65866K, capacity 68181K, committed 68304K, reserved 1107968K
  class space    used 8824K, capacity 9764K, committed 9836K, reserved 1048576K
}
Event: 27.925 GC heap after
{Heap after GC invocations=27 (full 0):
 garbage-first heap   total 114688K, used 39345K [0x0000000081400000, 0x0000000100000000)
  region size 1024K, 4 young (4096K), 4 survivors (4096K)
 Metaspace       used 65866K, capacity 68181K, committed 68304K, reserved 1107968K
  class space    used 8824K, capacity 9764K, committed 9836K, reserved 1048576K
}
Event: 28.845 GC heap before
{Heap before GC invocations=27 (full 0):
 garbage-first heap   total 114688K, used 86449K [0x0000000081400000, 0x0000000100000000)
  region size 1024K, 50 young (51200K), 4 survivors (4096K)
 Metaspace       used 66185K, capacity 68537K, committed 68816K, reserved 1107968K
  class space    used 8827K, capacity 9767K, committed 9836K, reserved 1048576K
}
Event: 28.864 GC heap after
{Heap after GC invocations=28 (full 0):
 garbage-first heap   total 114688K, used 41898K [0x0000000081400000, 0x0000000100000000)
  region size 1024K, 5 young (5120K), 5 survivors (5120K)
 Metaspace       used 66185K, capacity 68537K, committed 68816K, reserved 1107968K
  class space    used 8827K, capacity 9767K, committed 9836K, reserved 1048576K
}
Event: 29.706 GC heap before
{Heap before GC invocations=28 (full 0):
 garbage-first heap   total 114688K, used 87978K [0x0000000081400000, 0x0000000100000000)
  region size 1024K, 50 young (51200K), 5 survivors (5120K)
 Metaspace       used 66250K, capacity 68579K, committed 68816K, reserved 1107968K
  class space    used 8835K, capacity 9781K, committed 9836K, reserved 1048576K
}
Event: 29.724 GC heap after
{Heap after GC invocations=29 (full 0):
 garbage-first heap   total 138240K, used 44083K [0x0000000081400000, 0x0000000100000000)
  region size 1024K, 5 young (5120K), 5 survivors (5120K)
 Metaspace       used 66250K, capacity 68579K, committed 68816K, reserved 1107968K
  class space    used 8835K, capacity 9781K, committed 9836K, reserved 1048576K
}
Event: 30.929 GC heap before
{Heap before GC invocations=29 (full 0):
 garbage-first heap   total 138240K, used 102451K [0x0000000081400000, 0x0000000100000000)
  region size 1024K, 62 young (63488K), 5 survivors (5120K)
 Metaspace       used 66349K, capacity 68666K, committed 68816K, reserved 1107968K
  class space    used 8852K, capacity 9788K, committed 9836K, reserved 1048576K
}
Event: 30.945 GC heap after
{Heap after GC invocations=30 (full 0):
 garbage-first heap   total 138240K, used 46668K [0x0000000081400000, 0x0000000100000000)
  region size 1024K, 5 young (5120K), 5 survivors (5120K)
 Metaspace       used 66349K, capacity 68666K, committed 68816K, reserved 1107968K
  class space    used 8852K, capacity 9788K, committed 9836K, reserved 1048576K
}

Deoptimization events (10 events):
Event: 24.953 Thread 0x0000021811f48800 Uncommon trap: reason=unstable_if action=reinterpret pc=0x0000021821f0dbdc method=jdk.internal.module.SystemModuleFinders$SystemModuleReader.find(Ljava/lang/String;)Ljava/util/Optional; @ 7 c2
Event: 25.065 Thread 0x0000021811f48800 Uncommon trap: reason=unstable_if action=reinterpret pc=0x0000021821ffea88 method=java.lang.ClassLoader.preDefineClass(Ljava/lang/String;Ljava/security/ProtectionDomain;)Ljava/security/ProtectionDomain; @ 93 c2
Event: 25.544 Thread 0x0000021811f48800 Uncommon trap: reason=null_check action=make_not_entrant pc=0x0000021821fa1b80 method=org.springframework.beans.factory.support.DefaultListableBeanFactory.getBeanDefinition(Ljava/lang/String;)Lorg/springframework/beans/factory/config/BeanDefinition; @ 10 
Event: 28.486 Thread 0x0000021811f48800 Uncommon trap: reason=unstable_if action=reinterpret pc=0x0000021821f7f640 method=java.util.WeakHashMap.remove(Ljava/lang/Object;)Ljava/lang/Object; @ 94 c2
Event: 28.502 Thread 0x0000021811f48800 Uncommon trap: reason=unstable_if action=reinterpret pc=0x000002182217e490 method=java.util.concurrent.ConcurrentHashMap.get(Ljava/lang/Object;)Ljava/lang/Object; @ 86 c2
Event: 28.504 Thread 0x0000021811f48800 Uncommon trap: reason=null_check action=make_not_entrant pc=0x000002182217aac0 method=java.lang.Class.getMethodsRecursive(Ljava/lang/String;[Ljava/lang/Class;Z)Ljava/lang/PublicMethods$MethodList; @ 26 c2
Event: 30.290 Thread 0x0000021811f48800 Uncommon trap: reason=unstable_if action=reinterpret pc=0x000002182219b43c method=org.springframework.beans.factory.support.AbstractBeanFactory.isTypeMatch(Ljava/lang/String;Lorg/springframework/core/ResolvableType;Z)Z @ 34 c2
Event: 31.096 Thread 0x0000021811f48800 Uncommon trap: reason=unstable_if action=reinterpret pc=0x0000021821e9d078 method=java.util.HashMap.getNode(ILjava/lang/Object;)Ljava/util/HashMap$Node; @ 84 c2
Event: 31.096 Thread 0x0000021811f48800 Uncommon trap: reason=unstable_if action=reinterpret pc=0x0000021822161a0c method=java.util.HashMap.putVal(ILjava/lang/Object;Ljava/lang/Object;ZZ)Ljava/lang/Object; @ 109 c2
Event: 31.883 Thread 0x0000021811f48800 Uncommon trap: reason=unstable_if action=reinterpret pc=0x00000218220f83f8 method=java.util.Objects.equals(Ljava/lang/Object;Ljava/lang/Object;)Z @ 6 c2

Classes redefined (0 events):
No events

Internal exceptions (10 events):
Event: 31.027 Thread 0x0000021811f48800 Exception <a 'java/lang/ClassNotFoundException'{0x00000000896b29e8}: springfox/boot/starter/autoconfigure/OpenApiAutoConfiguration$$EnhancerBySpringCGLIB$$b67afad8Customizer> (0x00000000896b29e8) thrown at [t:/workspace/open/src/hotspot/share/classfile/sy
Event: 31.028 Thread 0x0000021811f48800 Exception <a 'java/lang/ClassNotFoundException'{0x00000000896d2d10}: org/springframework/context/annotation/ConfigurationClassEnhancer$EnhancedConfigurationCustomizer> (0x00000000896d2d10) thrown at [t:/workspace/open/src/hotspot/share/classfile/systemDic
Event: 31.029 Thread 0x0000021811f48800 Exception <a 'java/lang/ClassNotFoundException'{0x00000000896e8278}: org/springframework/beans/factory/BeanFactoryAwareCustomizer> (0x00000000896e8278) thrown at [t:/workspace/open/src/hotspot/share/classfile/systemDictionary.cpp, line 235]
Event: 31.030 Thread 0x0000021811f48800 Exception <a 'java/lang/ClassNotFoundException'{0x00000000896fc670}: org/springframework/beans/factory/AwareCustomizer> (0x00000000896fc670) thrown at [t:/workspace/open/src/hotspot/share/classfile/systemDictionary.cpp, line 235]
Event: 31.030 Thread 0x0000021811f48800 Exception <a 'java/lang/ClassNotFoundException'{0x0000000089504738}: java/lang/ObjectCustomizer> (0x0000000089504738) thrown at [t:/workspace/open/src/hotspot/share/classfile/systemDictionary.cpp, line 235]
Event: 31.031 Thread 0x0000021811f48800 Exception <a 'java/lang/ClassNotFoundException'{0x00000000895208f8}: springfox/boot/starter/autoconfigure/SpringfoxConfigurationPropertiesCustomizer> (0x00000000895208f8) thrown at [t:/workspace/open/src/hotspot/share/classfile/systemDictionary.cpp, line 
Event: 31.712 Thread 0x0000021811f48800 Exception <a 'java/lang/ClassNotFoundException'{0x0000000088afe1b8}: java/lang/ObjectCustomizer> (0x0000000088afe1b8) thrown at [t:/workspace/open/src/hotspot/share/classfile/systemDictionary.cpp, line 235]
Event: 31.713 Thread 0x0000021811f48800 Exception <a 'java/lang/ClassNotFoundException'{0x0000000088916168}: org/fundacionjala/contacts/db/entities/UserDataCustomizer> (0x0000000088916168) thrown at [t:/workspace/open/src/hotspot/share/classfile/systemDictionary.cpp, line 235]
Event: 31.728 Thread 0x0000021811f48800 Exception <a 'java/lang/ClassNotFoundException'{0x0000000088945118}: java/lang/ObjectCustomizer> (0x0000000088945118) thrown at [t:/workspace/open/src/hotspot/share/classfile/systemDictionary.cpp, line 235]
Event: 31.729 Thread 0x0000021811f48800 Exception <a 'java/lang/ClassNotFoundException'{0x000000008895f370}: org/fundacionjala/contacts/controllers/ContactControllerTestsCustomizer> (0x000000008895f370) thrown at [t:/workspace/open/src/hotspot/share/classfile/systemDictionary.cpp, line 235]

Events (10 events):
Event: 31.964 loading class org/springframework/util/LinkedCaseInsensitiveMap$EntrySetIterator
Event: 31.964 loading class org/springframework/util/LinkedCaseInsensitiveMap$EntrySetIterator done
Event: 31.964 loading class org/springframework/util/LinkedCaseInsensitiveMap$EntryIterator
Event: 31.964 loading class org/springframework/util/LinkedCaseInsensitiveMap$EntryIterator done
Event: 31.970 loading class com/fasterxml/jackson/core/io/IOContext
Event: 31.970 loading class com/fasterxml/jackson/core/io/IOContext done
Event: 31.972 loading class com/fasterxml/jackson/core/util/BufferRecyclers
Event: 31.972 loading class com/fasterxml/jackson/core/util/BufferRecyclers done
Event: 31.973 loading class com/fasterxml/jackson/core/util/BufferRecycler
Event: 31.973 loading class com/fasterxml/jackson/core/util/BufferRecycler done


Dynamic libraries:
0x00007ff7361f0000 - 0x00007ff7361ff000 	C:\Program Files\Java\jdk-12.0.2\bin\java.exe
0x00007ffdfbcb0000 - 0x00007ffdfbea5000 	C:\WINDOWS\SYSTEM32\ntdll.dll
0x00007ffdfa250000 - 0x00007ffdfa30e000 	C:\WINDOWS\System32\KERNEL32.DLL
0x00007ffdf9600000 - 0x00007ffdf98c8000 	C:\WINDOWS\System32\KERNELBASE.dll
0x00007ffdf9460000 - 0x00007ffdf9560000 	C:\WINDOWS\System32\ucrtbase.dll
0x00007ffded710000 - 0x00007ffded728000 	C:\Program Files\Java\jdk-12.0.2\bin\jli.dll
0x00007ffdfa310000 - 0x00007ffdfa3be000 	C:\WINDOWS\System32\ADVAPI32.dll
0x00007ffdfafe0000 - 0x00007ffdfb07e000 	C:\WINDOWS\System32\msvcrt.dll
0x00007ffdfb510000 - 0x00007ffdfb5ac000 	C:\WINDOWS\System32\sechost.dll
0x00007ffdfb080000 - 0x00007ffdfb1a5000 	C:\WINDOWS\System32\RPCRT4.dll
0x00007ffdf22d0000 - 0x00007ffdf22e6000 	C:\Program Files\Java\jdk-12.0.2\bin\VCRUNTIME140.dll
0x00007ffdfb5c0000 - 0x00007ffdfb760000 	C:\WINDOWS\System32\USER32.dll
0x00007ffdf95d0000 - 0x00007ffdf95f2000 	C:\WINDOWS\System32\win32u.dll
0x00007ffdfa1c0000 - 0x00007ffdfa1ea000 	C:\WINDOWS\System32\GDI32.dll
0x00007ffdf9900000 - 0x00007ffdf9a0b000 	C:\WINDOWS\System32\gdi32full.dll
0x00007ffdf9c70000 - 0x00007ffdf9d0d000 	C:\WINDOWS\System32\msvcp_win.dll
0x00007ffde8800000 - 0x00007ffde8a9a000 	C:\WINDOWS\WinSxS\amd64_microsoft.windows.common-controls_6595b64144ccf1df_6.0.19041.1110_none_60b5254171f9507e\COMCTL32.dll
0x00007ffdee350000 - 0x00007ffdee35a000 	C:\WINDOWS\SYSTEM32\VERSION.dll
0x00007ffdfb7d0000 - 0x00007ffdfb800000 	C:\WINDOWS\System32\IMM32.DLL
0x00007ffddf0e0000 - 0x00007ffddf18a000 	C:\Program Files\Java\jdk-12.0.2\bin\msvcp140.dll
0x00007ffdb5cc0000 - 0x00007ffdb6837000 	C:\Program Files\Java\jdk-12.0.2\bin\server\jvm.dll
0x00007ffdfb5b0000 - 0x00007ffdfb5b8000 	C:\WINDOWS\System32\PSAPI.DLL
0x00007ffdf7380000 - 0x00007ffdf7389000 	C:\WINDOWS\SYSTEM32\WSOCK32.dll
0x00007ffdfa640000 - 0x00007ffdfa6ab000 	C:\WINDOWS\System32\WS2_32.dll
0x00007ffde85c0000 - 0x00007ffde85e7000 	C:\WINDOWS\SYSTEM32\WINMM.dll
0x00007ffdf7c90000 - 0x00007ffdf7ca2000 	C:\WINDOWS\SYSTEM32\kernel.appcore.dll
0x00007ffdf22b0000 - 0x00007ffdf22c1000 	C:\Program Files\Java\jdk-12.0.2\bin\verify.dll
0x00007ffdf7020000 - 0x00007ffdf7204000 	C:\WINDOWS\SYSTEM32\DBGHELP.DLL
0x00007ffde4830000 - 0x00007ffde485c000 	C:\WINDOWS\SYSTEM32\dbgcore.DLL
0x00007ffdf93d0000 - 0x00007ffdf9452000 	C:\WINDOWS\System32\bcryptPrimitives.dll
0x00007ffded870000 - 0x00007ffded896000 	C:\Program Files\Java\jdk-12.0.2\bin\java.dll
0x00007ffdedca0000 - 0x00007ffdedcb7000 	C:\Program Files\Java\jdk-12.0.2\bin\zip.dll
0x00007ffdf1e80000 - 0x00007ffdf1e8a000 	C:\Program Files\Java\jdk-12.0.2\bin\jimage.dll
0x00007ffdfa890000 - 0x00007ffdfafd4000 	C:\WINDOWS\System32\SHELL32.dll
0x00007ffdf7390000 - 0x00007ffdf7b24000 	C:\WINDOWS\SYSTEM32\windows.storage.dll
0x00007ffdfb1b0000 - 0x00007ffdfb504000 	C:\WINDOWS\System32\combase.dll
0x00007ffdf8c90000 - 0x00007ffdf8cbc000 	C:\WINDOWS\SYSTEM32\Wldp.dll
0x00007ffdfa6b0000 - 0x00007ffdfa75d000 	C:\WINDOWS\System32\SHCORE.dll
0x00007ffdfa5e0000 - 0x00007ffdfa635000 	C:\WINDOWS\System32\shlwapi.dll
0x00007ffdf9310000 - 0x00007ffdf932f000 	C:\WINDOWS\SYSTEM32\profapi.dll
0x00007ffdeda30000 - 0x00007ffdeda49000 	C:\Program Files\Java\jdk-12.0.2\bin\net.dll
0x00007ffdf0b80000 - 0x00007ffdf0c8a000 	C:\WINDOWS\SYSTEM32\WINHTTP.dll
0x00007ffdeb900000 - 0x00007ffdebaec000 	C:\WINDOWS\SYSTEM32\urlmon.dll
0x00007ffdebe20000 - 0x00007ffdec0d1000 	C:\WINDOWS\SYSTEM32\iertutil.dll
0x00007ffdf8810000 - 0x00007ffdf881c000 	C:\WINDOWS\SYSTEM32\netutils.dll
0x00007ffde8670000 - 0x00007ffde8698000 	C:\WINDOWS\SYSTEM32\srvcli.dll
0x00007ffdf8a70000 - 0x00007ffdf8ada000 	C:\WINDOWS\system32\mswsock.dll
0x00007ffded850000 - 0x00007ffded863000 	C:\Program Files\Java\jdk-12.0.2\bin\nio.dll
0x00007ffdf2310000 - 0x00007ffdf2319000 	C:\Program Files\Java\jdk-12.0.2\bin\management.dll
0x00007ffdf1c40000 - 0x00007ffdf1c4c000 	C:\Program Files\Java\jdk-12.0.2\bin\management_ext.dll
0x00007ffde2580000 - 0x00007ffde2597000 	C:\WINDOWS\system32\napinsp.dll
0x00007ffde1b60000 - 0x00007ffde1b7b000 	C:\WINDOWS\system32\pnrpnsp.dll
0x00007ffdf2d30000 - 0x00007ffdf2d45000 	C:\WINDOWS\system32\wshbth.dll
0x00007ffdf44a0000 - 0x00007ffdf44bd000 	C:\WINDOWS\system32\NLAapi.dll
0x00007ffdf8780000 - 0x00007ffdf87bb000 	C:\WINDOWS\SYSTEM32\IPHLPAPI.DLL
0x00007ffdf8820000 - 0x00007ffdf88eb000 	C:\WINDOWS\SYSTEM32\DNSAPI.dll
0x00007ffdfb760000 - 0x00007ffdfb768000 	C:\WINDOWS\System32\NSI.dll
0x00007ffde10a0000 - 0x00007ffde10b2000 	C:\WINDOWS\System32\winrnr.dll
0x00007ffde81c0000 - 0x00007ffde81ca000 	C:\Windows\System32\rasadhlp.dll
0x00007ffdef340000 - 0x00007ffdef3bf000 	C:\WINDOWS\System32\fwpuclnt.dll
0x00007ffdf98d0000 - 0x00007ffdf98f7000 	C:\WINDOWS\System32\bcrypt.dll
0x00007ffdf8e20000 - 0x00007ffdf8e38000 	C:\WINDOWS\SYSTEM32\CRYPTSP.dll
0x00007ffdf8410000 - 0x00007ffdf8444000 	C:\WINDOWS\system32\rsaenh.dll
0x00007ffdf9290000 - 0x00007ffdf92be000 	C:\WINDOWS\SYSTEM32\USERENV.dll
0x00007ffdf8c00000 - 0x00007ffdf8c0c000 	C:\WINDOWS\SYSTEM32\CRYPTBASE.dll
0x00007ffdf1840000 - 0x00007ffdf1857000 	C:\WINDOWS\SYSTEM32\dhcpcsvc6.DLL
0x00007ffdf1b00000 - 0x00007ffdf1b1d000 	C:\WINDOWS\SYSTEM32\dhcpcsvc.DLL

dbghelp: loaded successfully - version: 4.0.5 - missing functions: none
symbol engine: initialized successfully - sym options: 0x614 - pdb path: .;C:\Program Files\Java\jdk-12.0.2\bin;C:\WINDOWS\SYSTEM32;C:\WINDOWS\WinSxS\amd64_microsoft.windows.common-controls_6595b64144ccf1df_6.0.19041.1110_none_60b5254171f9507e;C:\Program Files\Java\jdk-12.0.2\bin\server

VM Arguments:
java_command: C:\Users\pc\AppData\Local\Temp\surefire15949354244944978967\surefirebooter9791802383580518245.jar C:\Users\pc\AppData\Local\Temp\surefire15949354244944978967 2022-05-10T10-47-09_183-jvmRun1 surefire18363393891915984624tmp surefire_014089311013166312415tmp
java_class_path (initial): C:\Users\pc\AppData\Local\Temp\surefire15949354244944978967\surefirebooter9791802383580518245.jar
Launcher Type: SUN_STANDARD

[Global flags]
     intx CICompilerCount                          = 3                                         {product} {ergonomic}
     uint ConcGCThreads                            = 1                                         {product} {ergonomic}
     uint G1ConcRefinementThreads                  = 4                                         {product} {ergonomic}
   size_t G1HeapRegionSize                         = 1048576                                   {product} {ergonomic}
    uintx GCDrainStackTargetSize                   = 64                                        {product} {ergonomic}
   size_t InitialHeapSize                          = 134217728                                 {product} {ergonomic}
   size_t MarkStackSize                            = 4194304                                   {product} {ergonomic}
   size_t MaxHeapSize                              = 2126512128                                {product} {ergonomic}
   size_t MaxNewSize                               = 1275068416                                {product} {ergonomic}
   size_t MinHeapDeltaBytes                        = 1048576                                   {product} {ergonomic}
    uintx NonNMethodCodeHeapSize                   = 5830732                                {pd product} {ergonomic}
    uintx NonProfiledCodeHeapSize                  = 122913754                              {pd product} {ergonomic}
    uintx ProfiledCodeHeapSize                     = 122913754                              {pd product} {ergonomic}
    uintx ReservedCodeCacheSize                    = 251658240                              {pd product} {ergonomic}
     bool SegmentedCodeCache                       = true                                      {product} {ergonomic}
     bool UseCompressedClassPointers               = true                                 {lp64_product} {ergonomic}
     bool UseCompressedOops                        = true                                 {lp64_product} {ergonomic}
     bool UseG1GC                                  = true                                      {product} {ergonomic}
     bool UseLargePagesIndividualAllocation        = false                                  {pd product} {ergonomic}

Logging:
Log output configuration:
 #0: stdout all=warning uptime,level,tags
 #1: stderr all=off uptime,level,tags

Environment Variables:
JAVA_HOME=C:\Program Files\Java\jdk-12.0.2
PATH=C:\Program Files\Common Files\Oracle\Java\javapath;C:\ProgramData\Oracle\Java\javapath;C:\Program Files (x86)\Common Files\Oracle\Java\javapath;"C:\Program Files (x86)\Common Files\Oracle\Java\javapath;";C:\Program Files (x86)\Intel\iCLS Client\;C:\Program Files\Intel\iCLS Client\;C:\WINDOWS\system32;C:\WINDOWS;C:\WINDOWS\System32\Wbem;C:\WINDOWS\System32\WindowsPowerShell\v1.0\;C:\Program Files (x86)\Intel\Intel(R) Management Engine Components\DAL;C:\Program Files\Intel\Intel(R) Management Engine Components\DAL;C:\Program Files (x86)\Intel\Intel(R) Management Engine Components\IPT;C:\Program Files\Intel\Intel(R) Management Engine Components\IPT;c:\Program Files\Intel\WiFi\bin\;C:\instantclient_12_2;C:\WINDOWS\System32\OpenSSH\;C:\xampp\php;C:\composer;C:\Program Files\MySQL\MySQL Utilities 1.6\;C:\Program Files\Java\jdk-12.0.2\bin;C:\ProgramData\chocolatey\bin;C:\Program Files\MariaDB 10.6\bin;C:\Users\pc\AppData\Roaming\nvm;C:\Program Files\nodejs;C:\Program Files\MongoDB\Server\5.0\bin;C:\Program Files\MongoDB\Server\5.0\mongosh-1.1.2-win32-x64\bin;C:\Program Files\Git\cmd;C:\Users\pc\AppData\Local\Programs\Python\Python38-32\Scripts\;C:\Users\pc\AppData\Local\Programs\Python\Python38-32\;C:\Users\pc\AppData\Local\Microsoft\WindowsApps;C:\Users\pc\AppData\Roaming\Composer\vendor\bin;C:\Program Files\Java\jdk-12.0.2\bin;C:\Users\pc\AppData\Local\Programs\Microsoft VS Code\bin;C:\Program Files\apache-maven-3.6.3\bin;C:\Users\pc\AppData\Roaming\npm;C:\Users\pc\AppData\Roaming\nvm;C:\Program Files\nodejs
USERNAME=pc
OS=Windows_NT
PROCESSOR_IDENTIFIER=Intel64 Family 6 Model 61 Stepping 4, GenuineIntel



---------------  S Y S T E M  ---------------

OS: Windows 10 , 64 bit Build 19041 (10.0.19041.1645)

CPU:total 4 (initial active 4) (2 cores per cpu, 2 threads per core) family 6 model 61 stepping 4, cmov, cx8, fxsr, mmx, sse, sse2, sse3, ssse3, sse4.1, sse4.2, popcnt, avx, avx2, aes, clmul, erms, 3dnowpref, lzcnt, ht, tsc, tscinvbit, bmi1, bmi2, adx, fma

Memory: 4k page, system-wide physical 8104M (233M free)
TotalPageFile size 8104M (AvailPageFile size 4M)
current process WorkingSet (physical memory assigned to process): 316M, peak: 322M
current process commit charge ("private bytes"): 343M, peak: 351M

vm_info: Java HotSpot(TM) 64-Bit Server VM (12.0.2+10) for windows-amd64 JRE (12.0.2+10), built on Jul 16 2019 01:56:17 by "mach5one" with MS VC++ 15.5 (VS2017)

END.
