#
# There is insufficient memory for the Java Runtime Environment to continue.
# Native memory allocation (mmap) failed to map 134217728 bytes for Failed to commit area from 0x0000000081400000 to 0x0000000089400000 of length 134217728.
# Possible reasons:
#   The system is out of physical RAM or swap space
#   The process is running with CompressedOops enabled, and the Java Heap may be blocking the growth of the native heap
# Possible solutions:
#   Reduce memory load on the system
#   Increase physical memory or swap space
#   Check if swap backing store is full
#   Decrease Java heap size (-Xmx/-Xms)
#   Decrease number of Java threads
#   Decrease Java thread stack sizes (-Xss)
#   Set larger code cache with -XX:ReservedCodeCacheSize=
# This output file may be truncated or incomplete.
#
#  Out of Memory Error (t:/workspace/open/src/hotspot/os/windows/os_windows.cpp:3264), pid=12248, tid=8680
#
# JRE version:  (12.0.2+10) (build )
# Java VM: Java HotSpot(TM) 64-Bit Server VM (12.0.2+10, mixed mode, sharing, tiered, compressed oops, g1 gc, windows-amd64)
# No core dump will be written. Minidumps are not enabled by default on client versions of Windows
#

---------------  S U M M A R Y ------------

Command Line: -agentlib:jdwp=transport=dt_socket,server=n,address=65243 ${exec.mainClass}

Host: Intel(R) Core(TM) i3-5005U CPU @ 2.00GHz, 4 cores, 7G,  Windows 10 , 64 bit Build 19041 (10.0.19041.1645)
Time: Tue May 10 10:36:14 2022 Hora estándar oeste, Sudamérica elapsed time: 0 seconds (0d 0h 0m 0s)

---------------  T H R E A D  ---------------

Current thread (0x0000012a8cc45000):  JavaThread "Unknown thread" [_thread_in_vm, id=8680, stack(0x0000000239200000,0x0000000239300000)]

Stack: [0x0000000239200000,0x0000000239300000]
Native frames: (J=compiled Java code, j=interpreted, Vv=VM code, C=native code)
V  [jvm.dll+0x63aa2a]
V  [jvm.dll+0x78ce1e]
V  [jvm.dll+0x78e4c1]
V  [jvm.dll+0x78eb13]
V  [jvm.dll+0x2627e8]
V  [jvm.dll+0x637f5a]
V  [jvm.dll+0x62c845]
V  [jvm.dll+0x31e49c]
V  [jvm.dll+0x31e2cf]
V  [jvm.dll+0x324006]
V  [jvm.dll+0x371f56]
V  [jvm.dll+0x371720]
V  [jvm.dll+0x2f845a]
V  [jvm.dll+0x2f96d2]
V  [jvm.dll+0x767267]
V  [jvm.dll+0x7689f5]
V  [jvm.dll+0x380059]
V  [jvm.dll+0x74b794]
V  [jvm.dll+0x3ef5cd]
V  [jvm.dll+0x3f1471]
C  [jli.dll+0x51cf]
C  [ucrtbase.dll+0x21bb2]
C  [KERNEL32.DLL+0x17034]
C  [ntdll.dll+0x52651]


---------------  P R O C E S S  ---------------

Threads class SMR info:
_java_thread_list=0x00007ffdb6797928, length=0, elements={
}

Java Threads: ( => current thread )

Other Threads:
  0x0000012a8cc85800 GCTaskThread "GC Thread#0" [stack: 0x0000000239300000,0x0000000239400000] [id=9464]
  0x0000012a8cc95000 ConcurrentGCThread "G1 Main Marker" [stack: 0x0000000239400000,0x0000000239500000] [id=6796]
  0x0000012a8cc96800 ConcurrentGCThread "G1 Conc#0" [stack: 0x0000000239500000,0x0000000239600000] [id=876]

[error occurred during error reporting (printing all threads), id 0xc0000005, EXCEPTION_ACCESS_VIOLATION (0xc0000005) at pc=0x00007ffdb5fc85e7]

VM state:not at safepoint (not fully initialized)

VM Mutex/Monitor currently owned by a thread:  ([mutex/lock_event])
[0x0000012a8cc42a60] Heap_lock - owner thread: 0x0000012a8cc45000

Heap address: 0x0000000081400000, size: 2028 MB, Compressed Oops mode: Non-zero based: 0x0000000081400000
Narrow klass base: 0x0000000000000000, Narrow klass shift: 0

GC Heap History (0 events):
No events

Deoptimization events (0 events):
No events

Classes redefined (0 events):
No events

Internal exceptions (0 events):
No events

Events (0 events):
No events


Dynamic libraries:
0x00007ff7361f0000 - 0x00007ff7361ff000 	C:\Program Files\Java\jdk-12.0.2\bin\java.exe
0x00007ffdfbcb0000 - 0x00007ffdfbea5000 	C:\WINDOWS\SYSTEM32\ntdll.dll
0x00007ffdfa250000 - 0x00007ffdfa30e000 	C:\WINDOWS\System32\KERNEL32.DLL
0x00007ffdf9600000 - 0x00007ffdf98c8000 	C:\WINDOWS\System32\KERNELBASE.dll
0x00007ffdf9460000 - 0x00007ffdf9560000 	C:\WINDOWS\System32\ucrtbase.dll
0x00007ffdf22d0000 - 0x00007ffdf22e6000 	C:\Program Files\Java\jdk-12.0.2\bin\VCRUNTIME140.dll
0x00007ffded730000 - 0x00007ffded748000 	C:\Program Files\Java\jdk-12.0.2\bin\jli.dll
0x00007ffdfa310000 - 0x00007ffdfa3be000 	C:\WINDOWS\System32\ADVAPI32.dll
0x00007ffdfafe0000 - 0x00007ffdfb07e000 	C:\WINDOWS\System32\msvcrt.dll
0x00007ffdfb510000 - 0x00007ffdfb5ac000 	C:\WINDOWS\System32\sechost.dll
0x00007ffdfb080000 - 0x00007ffdfb1a5000 	C:\WINDOWS\System32\RPCRT4.dll
0x00007ffdfb5c0000 - 0x00007ffdfb760000 	C:\WINDOWS\System32\USER32.dll
0x00007ffde8800000 - 0x00007ffde8a9a000 	C:\WINDOWS\WinSxS\amd64_microsoft.windows.common-controls_6595b64144ccf1df_6.0.19041.1110_none_60b5254171f9507e\COMCTL32.dll
0x00007ffdf95d0000 - 0x00007ffdf95f2000 	C:\WINDOWS\System32\win32u.dll
0x00007ffdfa1c0000 - 0x00007ffdfa1ea000 	C:\WINDOWS\System32\GDI32.dll
0x00007ffdf9900000 - 0x00007ffdf9a0b000 	C:\WINDOWS\System32\gdi32full.dll
0x00007ffdf9c70000 - 0x00007ffdf9d0d000 	C:\WINDOWS\System32\msvcp_win.dll
0x00007ffdee350000 - 0x00007ffdee35a000 	C:\WINDOWS\SYSTEM32\VERSION.dll
0x00007ffdfb7d0000 - 0x00007ffdfb800000 	C:\WINDOWS\System32\IMM32.DLL
0x00007ffddf0e0000 - 0x00007ffddf18a000 	C:\Program Files\Java\jdk-12.0.2\bin\msvcp140.dll
0x00007ffdb5cc0000 - 0x00007ffdb6837000 	C:\Program Files\Java\jdk-12.0.2\bin\server\jvm.dll
0x00007ffdfb5b0000 - 0x00007ffdfb5b8000 	C:\WINDOWS\System32\PSAPI.DLL
0x00007ffde85c0000 - 0x00007ffde85e7000 	C:\WINDOWS\SYSTEM32\WINMM.dll
0x00007ffdf7380000 - 0x00007ffdf7389000 	C:\WINDOWS\SYSTEM32\WSOCK32.dll
0x00007ffdfa640000 - 0x00007ffdfa6ab000 	C:\WINDOWS\System32\WS2_32.dll
0x00007ffdf7c90000 - 0x00007ffdf7ca2000 	C:\WINDOWS\SYSTEM32\kernel.appcore.dll
0x00007ffdf22b0000 - 0x00007ffdf22c1000 	C:\Program Files\Java\jdk-12.0.2\bin\verify.dll
0x00007ffdf7020000 - 0x00007ffdf7204000 	C:\WINDOWS\SYSTEM32\DBGHELP.DLL
0x00007ffde4830000 - 0x00007ffde485c000 	C:\WINDOWS\SYSTEM32\dbgcore.DLL
0x00007ffdf93d0000 - 0x00007ffdf9452000 	C:\WINDOWS\System32\bcryptPrimitives.dll
0x00007ffded870000 - 0x00007ffded896000 	C:\Program Files\Java\jdk-12.0.2\bin\java.dll
0x00007ffdde8a0000 - 0x00007ffdde8d8000 	C:\Program Files\Java\jdk-12.0.2\bin\jdwp.dll
0x00007ffdedca0000 - 0x00007ffdedcb7000 	C:\Program Files\Java\jdk-12.0.2\bin\zip.dll
0x00007ffdf1e80000 - 0x00007ffdf1e8a000 	C:\Program Files\Java\jdk-12.0.2\bin\jimage.dll

dbghelp: loaded successfully - version: 4.0.5 - missing functions: none
symbol engine: initialized successfully - sym options: 0x614 - pdb path: .;C:\Program Files\Java\jdk-12.0.2\bin;C:\WINDOWS\SYSTEM32;C:\WINDOWS\WinSxS\amd64_microsoft.windows.common-controls_6595b64144ccf1df_6.0.19041.1110_none_60b5254171f9507e;C:\Program Files\Java\jdk-12.0.2\bin\server

VM Arguments:
jvm_args: -agentlib:jdwp=transport=dt_socket,server=n,address=65243 
java_command: ${exec.mainClass}
java_class_path (initial): C:\Users\pc\Desktop\api\target\classes;C:\Users\pc\.m2\repository\org\springframework\boot\spring-boot-starter-data-jpa\2.5.8\spring-boot-starter-data-jpa-2.5.8.jar;C:\Users\pc\.m2\repository\org\springframework\boot\spring-boot-starter-aop\2.5.8\spring-boot-starter-aop-2.5.8.jar;C:\Users\pc\.m2\repository\org\springframework\spring-aop\5.3.14\spring-aop-5.3.14.jar;C:\Users\pc\.m2\repository\org\aspectj\aspectjweaver\1.9.7\aspectjweaver-1.9.7.jar;C:\Users\pc\.m2\repository\org\springframework\boot\spring-boot-starter-jdbc\2.5.8\spring-boot-starter-jdbc-2.5.8.jar;C:\Users\pc\.m2\repository\com\zaxxer\HikariCP\4.0.3\HikariCP-4.0.3.jar;C:\Users\pc\.m2\repository\org\springframework\spring-jdbc\5.3.14\spring-jdbc-5.3.14.jar;C:\Users\pc\.m2\repository\jakarta\transaction\jakarta.transaction-api\1.3.3\jakarta.transaction-api-1.3.3.jar;C:\Users\pc\.m2\repository\jakarta\persistence\jakarta.persistence-api\2.2.3\jakarta.persistence-api-2.2.3.jar;C:\Users\pc\.m2\repository\org\hibernate\hibernate-core\5.4.33\hibernate-core-5.4.33.jar;C:\Users\pc\.m2\repository\org\jboss\logging\jboss-logging\3.4.2.Final\jboss-logging-3.4.2.Final.jar;C:\Users\pc\.m2\repository\org\javassist\javassist\3.27.0-GA\javassist-3.27.0-GA.jar;C:\Users\pc\.m2\repository\net\bytebuddy\byte-buddy\1.10.22\byte-buddy-1.10.22.jar;C:\Users\pc\.m2\repository\antlr\antlr\2.7.7\antlr-2.7.7.jar;C:\Users\pc\.m2\repository\org\jboss\jandex\2.2.3.Final\jandex-2.2.3.Final.jar;C:\Users\pc\.m2\repository\org\dom4j\dom4j\2.1.3\dom4j-2.1.3.jar;C:\Users\pc\.m2\repository\org\hibernate\common\hibernate-commons-annotations\5.1.2.Final\hibernate-commons-annotations-5.1.2.Final.jar;C:\Users\pc\.m2\repository\org\glassfish\jaxb\jaxb-runtime\2.3.5\jaxb-runtime-2.3.5.jar;C:\Users\pc\.m2\repository\org\glassfish\jaxb\txw2\2.3.5\txw2-2.3.5.jar;C:\Users\pc\.m2\repository\com\sun\istack\istack-commons-runtime\3.0.12\istack-commons-runtime-3.0.12.jar;C:\Users\pc\.m2\repository\com\sun\activation\jakarta.
Launcher Type: SUN_STANDARD

[Global flags]
     intx CICompilerCount                          = 3                                         {product} {ergonomic}
     uint ConcGCThreads                            = 1                                         {product} {ergonomic}
     uint G1ConcRefinementThreads                  = 4                                         {product} {ergonomic}
   size_t G1HeapRegionSize                         = 1048576                                   {product} {ergonomic}
    uintx GCDrainStackTargetSize                   = 64                                        {product} {ergonomic}
   size_t InitialHeapSize                          = 134217728                                 {product} {ergonomic}
   size_t MarkStackSize                            = 4194304                                   {product} {ergonomic}
   size_t MaxHeapSize                              = 2126512128                                {product} {ergonomic}
   size_t MinHeapDeltaBytes                        = 1048576                                   {product} {ergonomic}
    uintx NonNMethodCodeHeapSize                   = 5830732                                {pd product} {ergonomic}
    uintx NonProfiledCodeHeapSize                  = 122913754                              {pd product} {ergonomic}
    uintx ProfiledCodeHeapSize                     = 122913754                              {pd product} {ergonomic}
    uintx ReservedCodeCacheSize                    = 251658240                              {pd product} {ergonomic}
     bool SegmentedCodeCache                       = true                                      {product} {ergonomic}
     bool UseCompressedClassPointers               = true                                 {lp64_product} {ergonomic}
     bool UseCompressedOops                        = true                                 {lp64_product} {ergonomic}
     bool UseG1GC                                  = true                                      {product} {ergonomic}
     bool UseLargePagesIndividualAllocation        = false                                  {pd product} {ergonomic}

Logging:
Log output configuration:
 #0: stdout all=warning uptime,level,tags
 #1: stderr all=off uptime,level,tags

Environment Variables:
JAVA_HOME=C:\Program Files\Java\jdk-12.0.2
PATH=C:\Program Files\Common Files\Oracle\Java\javapath;C:\ProgramData\Oracle\Java\javapath;C:\Program Files (x86)\Common Files\Oracle\Java\javapath;"C:\Program Files (x86)\Common Files\Oracle\Java\javapath;";C:\Program Files (x86)\Intel\iCLS Client\;C:\Program Files\Intel\iCLS Client\;C:\WINDOWS\system32;C:\WINDOWS;C:\WINDOWS\System32\Wbem;C:\WINDOWS\System32\WindowsPowerShell\v1.0\;C:\Program Files (x86)\Intel\Intel(R) Management Engine Components\DAL;C:\Program Files\Intel\Intel(R) Management Engine Components\DAL;C:\Program Files (x86)\Intel\Intel(R) Management Engine Components\IPT;C:\Program Files\Intel\Intel(R) Management Engine Components\IPT;c:\Program Files\Intel\WiFi\bin\;C:\instantclient_12_2;C:\WINDOWS\System32\OpenSSH\;C:\xampp\php;C:\composer;C:\Program Files\MySQL\MySQL Utilities 1.6\;C:\Program Files\Java\jdk-12.0.2\bin;C:\ProgramData\chocolatey\bin;C:\Program Files\MariaDB 10.6\bin;C:\Users\pc\AppData\Roaming\nvm;C:\Program Files\nodejs;C:\Program Files\MongoDB\Server\5.0\bin;C:\Program Files\MongoDB\Server\5.0\mongosh-1.1.2-win32-x64\bin;C:\Program Files\Git\cmd;C:\Users\pc\AppData\Local\Programs\Python\Python38-32\Scripts\;C:\Users\pc\AppData\Local\Programs\Python\Python38-32\;C:\Users\pc\AppData\Local\Microsoft\WindowsApps;C:\Users\pc\AppData\Roaming\Composer\vendor\bin;C:\Program Files\Java\jdk-12.0.2\bin;C:\Users\pc\AppData\Local\Programs\Microsoft VS Code\bin;C:\Program Files\apache-maven-3.6.3\bin;C:\Users\pc\AppData\Roaming\npm;C:\Users\pc\AppData\Roaming\nvm;C:\Program Files\nodejs
USERNAME=pc
OS=Windows_NT
PROCESSOR_IDENTIFIER=Intel64 Family 6 Model 61 Stepping 4, GenuineIntel



---------------  S Y S T E M  ---------------

OS: Windows 10 , 64 bit Build 19041 (10.0.19041.1645)

CPU:total 4 (initial active 4) (2 cores per cpu, 2 threads per core) family 6 model 61 stepping 4, cmov, cx8, fxsr, mmx, sse, sse2, sse3, ssse3, sse4.1, sse4.2, popcnt, avx, avx2, aes, clmul, erms, 3dnowpref, lzcnt, ht, tsc, tscinvbit, bmi1, bmi2, adx, fma

Memory: 4k page, system-wide physical 8104M (379M free)
TotalPageFile size 8104M (AvailPageFile size 47M)
current process WorkingSet (physical memory assigned to process): 10M, peak: 10M
current process commit charge ("private bytes"): 51M, peak: 179M

vm_info: Java HotSpot(TM) 64-Bit Server VM (12.0.2+10) for windows-amd64 JRE (12.0.2+10), built on Jul 16 2019 01:56:17 by "mach5one" with MS VC++ 15.5 (VS2017)

END.
